#
# There is insufficient memory for the Java Runtime Environment to continue.
# Native memory allocation (malloc) failed to allocate 278800 bytes for Chunk::new
# Possible reasons:
#   The system is out of physical RAM or swap space
#   The process is running with CompressedOops enabled, and the Java Heap may be blocking the growth of the native heap
# Possible solutions:
#   Reduce memory load on the system
#   Increase physical memory or swap space
#   Check if swap backing store is full
#   Decrease Java heap size (-Xmx/-Xms)
#   Decrease number of Java threads
#   Decrease Java thread stack sizes (-Xss)
#   Set larger code cache with -XX:ReservedCodeCacheSize=
#   JVM is running with Zero Based Compressed Oops mode in which the Java heap is
#     placed in the first 32GB address space. The Java Heap base address is the
#     maximum limit for the native heap growth. Please use -XX:HeapBaseMinAddress
#     to set the Java Heap base and to place the Java Heap above 32GB virtual address.
# This output file may be truncated or incomplete.
#
#  Out of Memory Error (arena.cpp:189), pid=28852, tid=1384
#
# JRE version: Java(TM) SE Runtime Environment (17.0.12+8) (build 17.0.12+8-LTS-286)
# Java VM: Java HotSpot(TM) 64-Bit Server VM (17.0.12+8-LTS-286, mixed mode, sharing, tiered, compressed oops, compressed class ptrs, g1 gc, windows-amd64)
# No core dump will be written. Minidumps are not enabled by default on client versions of Windows
#

---------------  S U M M A R Y ------------

Command Line: -Dclassworlds.conf=C:\Program Files\Apache\Maven\bin\m2.conf -Dmaven.home=C:\Program Files\Apache\Maven -Dlibrary.jansi.path=C:\Program Files\Apache\Maven\lib\jansi-native -Dmaven.multiModuleProjectDirectory=c:\Users\Aditi\Desktop\backend\recipe-vault org.codehaus.plexus.classworlds.launcher.Launcher -q help:effective-pom -Doutput=c:\Users\Aditi\Desktop\backend\recipe-vault\effective-pom.xml -f c:/Users/Aditi/Desktop/backend/recipe-vault/pom.xml

Host: Intel(R) Core(TM) i7-8550U CPU @ 1.80GHz, 8 cores, 15G,  Windows 10 , 64 bit Build 19041 (10.0.19041.5198)
Time: Sun Feb  9 13:57:14 2025 Malay Peninsula Standard Time elapsed time: 9.053096 seconds (0d 0h 0m 9s)

---------------  T H R E A D  ---------------

Current thread (0x000002ead3815410):  JavaThread "C2 CompilerThread0" daemon [_thread_in_native, id=1384, stack(0x000000f09b100000,0x000000f09b200000)]


Current CompileTask:
C2:   9053 2984       4       org.codehaus.plexus.util.xml.pull.MXParser::nextText (103 bytes)

Stack: [0x000000f09b100000,0x000000f09b200000]
Native frames: (J=compiled Java code, j=interpreted, Vv=VM code, C=native code)
V  [jvm.dll+0x67a04a]
V  [jvm.dll+0x7da4ed]
V  [jvm.dll+0x7dbe33]
V  [jvm.dll+0x7dc4a3]
V  [jvm.dll+0x24508f]
V  [jvm.dll+0xab773]
V  [jvm.dll+0xabd3c]
V  [jvm.dll+0x361bee]
V  [jvm.dll+0x32c431]
V  [jvm.dll+0x32b8ca]
V  [jvm.dll+0x21683f]
V  [jvm.dll+0x215c6f]
V  [jvm.dll+0x1a2960]
V  [jvm.dll+0x22610b]
V  [jvm.dll+0x2242ab]
V  [jvm.dll+0x79075c]
V  [jvm.dll+0x78abea]
V  [jvm.dll+0x678f35]
C  [ucrtbase.dll+0x21bb2]
C  [KERNEL32.DLL+0x17374]
C  [ntdll.dll+0x4cc91]


---------------  P R O C E S S  ---------------

Threads class SMR info:
_java_thread_list=0x000002eb19b73a70, length=12, elements={
0x000002eab0b18680, 0x000002ead37edaa0, 0x000002ead37ee920, 0x000002ead38052c0,
0x000002ead3805e80, 0x000002ead3808850, 0x000002ead3811220, 0x000002ead3815410,
0x000002ead3815e10, 0x000002ead3928070, 0x000002ead3a3f510, 0x000002ead3a40e60
}

Java Threads: ( => current thread )
  0x000002eab0b18680 JavaThread "main" [_thread_in_Java, id=12488, stack(0x000000f09a400000,0x000000f09a500000)]
  0x000002ead37edaa0 JavaThread "Reference Handler" daemon [_thread_blocked, id=26140, stack(0x000000f09ab00000,0x000000f09ac00000)]
  0x000002ead37ee920 JavaThread "Finalizer" daemon [_thread_blocked, id=3120, stack(0x000000f09ac00000,0x000000f09ad00000)]
  0x000002ead38052c0 JavaThread "Signal Dispatcher" daemon [_thread_blocked, id=28832, stack(0x000000f09ad00000,0x000000f09ae00000)]
  0x000002ead3805e80 JavaThread "Attach Listener" daemon [_thread_blocked, id=6508, stack(0x000000f09ae00000,0x000000f09af00000)]
  0x000002ead3808850 JavaThread "Service Thread" daemon [_thread_blocked, id=15928, stack(0x000000f09af00000,0x000000f09b000000)]
  0x000002ead3811220 JavaThread "Monitor Deflation Thread" daemon [_thread_blocked, id=23252, stack(0x000000f09b000000,0x000000f09b100000)]
=>0x000002ead3815410 JavaThread "C2 CompilerThread0" daemon [_thread_in_native, id=1384, stack(0x000000f09b100000,0x000000f09b200000)]
  0x000002ead3815e10 JavaThread "C1 CompilerThread0" daemon [_thread_in_vm, id=31580, stack(0x000000f09b200000,0x000000f09b300000)]
  0x000002ead3928070 JavaThread "Sweeper thread" daemon [_thread_blocked, id=26212, stack(0x000000f09b300000,0x000000f09b400000)]
  0x000002ead3a3f510 JavaThread "Notification Thread" daemon [_thread_blocked, id=25636, stack(0x000000f09b400000,0x000000f09b500000)]
  0x000002ead3a40e60 JavaThread "Common-Cleaner" daemon [_thread_blocked, id=15880, stack(0x000000f09b600000,0x000000f09b700000)]

Other Threads:
  0x000002ead37e8e90 VMThread "VM Thread" [stack: 0x000000f09aa00000,0x000000f09ab00000] [id=31736]
  0x000002ead3a6dd30 WatcherThread [stack: 0x000000f09b500000,0x000000f09b600000] [id=21308]
  0x000002eab0b83cd0 GCTaskThread "GC Thread#0" [stack: 0x000000f09a500000,0x000000f09a600000] [id=22920]
  0x000002eb1961d470 GCTaskThread "GC Thread#1" [stack: 0x000000f09b900000,0x000000f09ba00000] [id=26900]
  0x000002eb1992b1c0 GCTaskThread "GC Thread#2" [stack: 0x000000f09ba00000,0x000000f09bb00000] [id=16460]
  0x000002eb1992bc90 GCTaskThread "GC Thread#3" [stack: 0x000000f09bb00000,0x000000f09bc00000] [id=21748]
  0x000002eb1992c360 GCTaskThread "GC Thread#4" [stack: 0x000000f09bc00000,0x000000f09bd00000] [id=26308]
  0x000002eb1992ca30 GCTaskThread "GC Thread#5" [stack: 0x000000f09bd00000,0x000000f09be00000] [id=16412]
  0x000002eb198130f0 GCTaskThread "GC Thread#6" [stack: 0x000000f09be00000,0x000000f09bf00000] [id=27372]
  0x000002eb19bebc30 GCTaskThread "GC Thread#7" [stack: 0x000000f09b700000,0x000000f09b800000] [id=30696]
  0x000002eab0b949a0 ConcurrentGCThread "G1 Main Marker" [stack: 0x000000f09a600000,0x000000f09a700000] [id=12180]
  0x000002eab0b95b50 ConcurrentGCThread "G1 Conc#0" [stack: 0x000000f09a700000,0x000000f09a800000] [id=10308]
  0x000002ead36a30e0 ConcurrentGCThread "G1 Refine#0" [stack: 0x000000f09a800000,0x000000f09a900000] [id=28584]
  0x000002ead36a3b10 ConcurrentGCThread "G1 Service" [stack: 0x000000f09a900000,0x000000f09aa00000] [id=29308]

Threads with active compile tasks:
C2 CompilerThread0     9119 2984       4       org.codehaus.plexus.util.xml.pull.MXParser::nextText (103 bytes)
C1 CompilerThread0     9120 3029   !   3       org.apache.maven.model.PluginConfiguration::clone (69 bytes)

VM state: not at safepoint (normal execution)

VM Mutex/Monitor currently owned by a thread:  ([mutex/lock_event])
[0x000002eab0b17710] CompileThread_lock - owner thread: 0x000002ead3815e10

Heap address: 0x0000000702800000, size: 4056 MB, Compressed Oops mode: Zero based, Oop shift amount: 3

CDS archive(s) mapped at: [0x000002ead4000000-0x000002ead4bd0000-0x000002ead4bd0000), size 12386304, SharedBaseAddress: 0x000002ead4000000, ArchiveRelocationMode: 1.
Compressed class space mapped at: 0x000002ead5000000-0x000002eb15000000, reserved size: 1073741824
Narrow klass base: 0x000002ead4000000, Narrow klass shift: 0, Narrow klass range: 0x100000000

GC Precious Log:
 CPUs: 8 total, 8 available
 Memory: 16217M
 Large Page Support: Disabled
 NUMA Support: Disabled
 Compressed Oops: Enabled (Zero based)
 Heap Region Size: 2M
 Heap Min Capacity: 8M
 Heap Initial Capacity: 254M
 Heap Max Capacity: 4056M
 Pre-touch: Disabled
 Parallel Workers: 8
 Concurrent Workers: 2
 Concurrent Refinement Workers: 8
 Periodic GC: Disabled

Heap:
 garbage-first heap   total 260096K, used 45957K [0x0000000702800000, 0x0000000800000000)
  region size 2048K, 22 young (45056K), 1 survivors (2048K)
 Metaspace       used 14820K, committed 15040K, reserved 1114112K
  class space    used 1787K, committed 1920K, reserved 1048576K

Heap Regions: E=young(eden), S=young(survivor), O=old, HS=humongous(starts), HC=humongous(continues), CS=collection set, F=free, OA=open archive, CA=closed archive, TAMS=top-at-mark-start (previous, next)
|   0|0x0000000702800000, 0x0000000702a00000, 0x0000000702a00000|100%| O|  |TAMS 0x0000000702800000, 0x0000000702800000| Untracked 
|   1|0x0000000702a00000, 0x0000000702b59800, 0x0000000702c00000| 67%| O|  |TAMS 0x0000000702a00000, 0x0000000702a00000| Untracked 
|   2|0x0000000702c00000, 0x0000000702c00000, 0x0000000702e00000|  0%| F|  |TAMS 0x0000000702c00000, 0x0000000702c00000| Untracked 
|   3|0x0000000702e00000, 0x0000000702e00000, 0x0000000703000000|  0%| F|  |TAMS 0x0000000702e00000, 0x0000000702e00000| Untracked 
|   4|0x0000000703000000, 0x0000000703000000, 0x0000000703200000|  0%| F|  |TAMS 0x0000000703000000, 0x0000000703000000| Untracked 
|   5|0x0000000703200000, 0x0000000703200000, 0x0000000703400000|  0%| F|  |TAMS 0x0000000703200000, 0x0000000703200000| Untracked 
|   6|0x0000000703400000, 0x0000000703400000, 0x0000000703600000|  0%| F|  |TAMS 0x0000000703400000, 0x0000000703400000| Untracked 
|   7|0x0000000703600000, 0x0000000703600000, 0x0000000703800000|  0%| F|  |TAMS 0x0000000703600000, 0x0000000703600000| Untracked 
|   8|0x0000000703800000, 0x0000000703800000, 0x0000000703a00000|  0%| F|  |TAMS 0x0000000703800000, 0x0000000703800000| Untracked 
|   9|0x0000000703a00000, 0x0000000703a00000, 0x0000000703c00000|  0%| F|  |TAMS 0x0000000703a00000, 0x0000000703a00000| Untracked 
|  10|0x0000000703c00000, 0x0000000703c00000, 0x0000000703e00000|  0%| F|  |TAMS 0x0000000703c00000, 0x0000000703c00000| Untracked 
|  11|0x0000000703e00000, 0x0000000703e00000, 0x0000000704000000|  0%| F|  |TAMS 0x0000000703e00000, 0x0000000703e00000| Untracked 
|  12|0x0000000704000000, 0x0000000704000000, 0x0000000704200000|  0%| F|  |TAMS 0x0000000704000000, 0x0000000704000000| Untracked 
|  13|0x0000000704200000, 0x0000000704200000, 0x0000000704400000|  0%| F|  |TAMS 0x0000000704200000, 0x0000000704200000| Untracked 
|  14|0x0000000704400000, 0x0000000704400000, 0x0000000704600000|  0%| F|  |TAMS 0x0000000704400000, 0x0000000704400000| Untracked 
|  15|0x0000000704600000, 0x0000000704600000, 0x0000000704800000|  0%| F|  |TAMS 0x0000000704600000, 0x0000000704600000| Untracked 
|  16|0x0000000704800000, 0x0000000704800000, 0x0000000704a00000|  0%| F|  |TAMS 0x0000000704800000, 0x0000000704800000| Untracked 
|  17|0x0000000704a00000, 0x0000000704a00000, 0x0000000704c00000|  0%| F|  |TAMS 0x0000000704a00000, 0x0000000704a00000| Untracked 
|  18|0x0000000704c00000, 0x0000000704c00000, 0x0000000704e00000|  0%| F|  |TAMS 0x0000000704c00000, 0x0000000704c00000| Untracked 
|  19|0x0000000704e00000, 0x0000000704e00000, 0x0000000705000000|  0%| F|  |TAMS 0x0000000704e00000, 0x0000000704e00000| Untracked 
|  20|0x0000000705000000, 0x0000000705000000, 0x0000000705200000|  0%| F|  |TAMS 0x0000000705000000, 0x0000000705000000| Untracked 
|  21|0x0000000705200000, 0x0000000705200000, 0x0000000705400000|  0%| F|  |TAMS 0x0000000705200000, 0x0000000705200000| Untracked 
|  22|0x0000000705400000, 0x0000000705400000, 0x0000000705600000|  0%| F|  |TAMS 0x0000000705400000, 0x0000000705400000| Untracked 
|  23|0x0000000705600000, 0x0000000705600000, 0x0000000705800000|  0%| F|  |TAMS 0x0000000705600000, 0x0000000705600000| Untracked 
|  24|0x0000000705800000, 0x0000000705800000, 0x0000000705a00000|  0%| F|  |TAMS 0x0000000705800000, 0x0000000705800000| Untracked 
|  25|0x0000000705a00000, 0x0000000705a00000, 0x0000000705c00000|  0%| F|  |TAMS 0x0000000705a00000, 0x0000000705a00000| Untracked 
|  26|0x0000000705c00000, 0x0000000705c00000, 0x0000000705e00000|  0%| F|  |TAMS 0x0000000705c00000, 0x0000000705c00000| Untracked 
|  27|0x0000000705e00000, 0x0000000705e00000, 0x0000000706000000|  0%| F|  |TAMS 0x0000000705e00000, 0x0000000705e00000| Untracked 
|  28|0x0000000706000000, 0x0000000706000000, 0x0000000706200000|  0%| F|  |TAMS 0x0000000706000000, 0x0000000706000000| Untracked 
|  29|0x0000000706200000, 0x0000000706200000, 0x0000000706400000|  0%| F|  |TAMS 0x0000000706200000, 0x0000000706200000| Untracked 
|  30|0x0000000706400000, 0x0000000706400000, 0x0000000706600000|  0%| F|  |TAMS 0x0000000706400000, 0x0000000706400000| Untracked 
|  31|0x0000000706600000, 0x0000000706600000, 0x0000000706800000|  0%| F|  |TAMS 0x0000000706600000, 0x0000000706600000| Untracked 
|  32|0x0000000706800000, 0x0000000706800000, 0x0000000706a00000|  0%| F|  |TAMS 0x0000000706800000, 0x0000000706800000| Untracked 
|  33|0x0000000706a00000, 0x0000000706a00000, 0x0000000706c00000|  0%| F|  |TAMS 0x0000000706a00000, 0x0000000706a00000| Untracked 
|  34|0x0000000706c00000, 0x0000000706c00000, 0x0000000706e00000|  0%| F|  |TAMS 0x0000000706c00000, 0x0000000706c00000| Untracked 
|  35|0x0000000706e00000, 0x0000000706e00000, 0x0000000707000000|  0%| F|  |TAMS 0x0000000706e00000, 0x0000000706e00000| Untracked 
|  36|0x0000000707000000, 0x0000000707000000, 0x0000000707200000|  0%| F|  |TAMS 0x0000000707000000, 0x0000000707000000| Untracked 
|  37|0x0000000707200000, 0x0000000707200000, 0x0000000707400000|  0%| F|  |TAMS 0x0000000707200000, 0x0000000707200000| Untracked 
|  38|0x0000000707400000, 0x0000000707400000, 0x0000000707600000|  0%| F|  |TAMS 0x0000000707400000, 0x0000000707400000| Untracked 
|  39|0x0000000707600000, 0x0000000707600000, 0x0000000707800000|  0%| F|  |TAMS 0x0000000707600000, 0x0000000707600000| Untracked 
|  40|0x0000000707800000, 0x0000000707800000, 0x0000000707a00000|  0%| F|  |TAMS 0x0000000707800000, 0x0000000707800000| Untracked 
|  41|0x0000000707a00000, 0x0000000707a00000, 0x0000000707c00000|  0%| F|  |TAMS 0x0000000707a00000, 0x0000000707a00000| Untracked 
|  42|0x0000000707c00000, 0x0000000707c00000, 0x0000000707e00000|  0%| F|  |TAMS 0x0000000707c00000, 0x0000000707c00000| Untracked 
|  43|0x0000000707e00000, 0x0000000707e00000, 0x0000000708000000|  0%| F|  |TAMS 0x0000000707e00000, 0x0000000707e00000| Untracked 
|  44|0x0000000708000000, 0x0000000708000000, 0x0000000708200000|  0%| F|  |TAMS 0x0000000708000000, 0x0000000708000000| Untracked 
|  45|0x0000000708200000, 0x0000000708200000, 0x0000000708400000|  0%| F|  |TAMS 0x0000000708200000, 0x0000000708200000| Untracked 
|  46|0x0000000708400000, 0x0000000708400000, 0x0000000708600000|  0%| F|  |TAMS 0x0000000708400000, 0x0000000708400000| Untracked 
|  47|0x0000000708600000, 0x0000000708600000, 0x0000000708800000|  0%| F|  |TAMS 0x0000000708600000, 0x0000000708600000| Untracked 
|  48|0x0000000708800000, 0x0000000708800000, 0x0000000708a00000|  0%| F|  |TAMS 0x0000000708800000, 0x0000000708800000| Untracked 
|  49|0x0000000708a00000, 0x0000000708a00000, 0x0000000708c00000|  0%| F|  |TAMS 0x0000000708a00000, 0x0000000708a00000| Untracked 
|  50|0x0000000708c00000, 0x0000000708c00000, 0x0000000708e00000|  0%| F|  |TAMS 0x0000000708c00000, 0x0000000708c00000| Untracked 
|  51|0x0000000708e00000, 0x0000000708e00000, 0x0000000709000000|  0%| F|  |TAMS 0x0000000708e00000, 0x0000000708e00000| Untracked 
|  52|0x0000000709000000, 0x0000000709000000, 0x0000000709200000|  0%| F|  |TAMS 0x0000000709000000, 0x0000000709000000| Untracked 
|  53|0x0000000709200000, 0x0000000709200000, 0x0000000709400000|  0%| F|  |TAMS 0x0000000709200000, 0x0000000709200000| Untracked 
|  54|0x0000000709400000, 0x0000000709400000, 0x0000000709600000|  0%| F|  |TAMS 0x0000000709400000, 0x0000000709400000| Untracked 
|  55|0x0000000709600000, 0x0000000709600000, 0x0000000709800000|  0%| F|  |TAMS 0x0000000709600000, 0x0000000709600000| Untracked 
|  56|0x0000000709800000, 0x0000000709800000, 0x0000000709a00000|  0%| F|  |TAMS 0x0000000709800000, 0x0000000709800000| Untracked 
|  57|0x0000000709a00000, 0x0000000709a00000, 0x0000000709c00000|  0%| F|  |TAMS 0x0000000709a00000, 0x0000000709a00000| Untracked 
|  58|0x0000000709c00000, 0x0000000709c00000, 0x0000000709e00000|  0%| F|  |TAMS 0x0000000709c00000, 0x0000000709c00000| Untracked 
|  59|0x0000000709e00000, 0x0000000709e00000, 0x000000070a000000|  0%| F|  |TAMS 0x0000000709e00000, 0x0000000709e00000| Untracked 
|  60|0x000000070a000000, 0x000000070a000000, 0x000000070a200000|  0%| F|  |TAMS 0x000000070a000000, 0x000000070a000000| Untracked 
|  61|0x000000070a200000, 0x000000070a200000, 0x000000070a400000|  0%| F|  |TAMS 0x000000070a200000, 0x000000070a200000| Untracked 
|  62|0x000000070a400000, 0x000000070a400000, 0x000000070a600000|  0%| F|  |TAMS 0x000000070a400000, 0x000000070a400000| Untracked 
|  63|0x000000070a600000, 0x000000070a600000, 0x000000070a800000|  0%| F|  |TAMS 0x000000070a600000, 0x000000070a600000| Untracked 
|  64|0x000000070a800000, 0x000000070a800000, 0x000000070aa00000|  0%| F|  |TAMS 0x000000070a800000, 0x000000070a800000| Untracked 
|  65|0x000000070aa00000, 0x000000070aa00000, 0x000000070ac00000|  0%| F|  |TAMS 0x000000070aa00000, 0x000000070aa00000| Untracked 
|  66|0x000000070ac00000, 0x000000070ac00000, 0x000000070ae00000|  0%| F|  |TAMS 0x000000070ac00000, 0x000000070ac00000| Untracked 
|  67|0x000000070ae00000, 0x000000070ae00000, 0x000000070b000000|  0%| F|  |TAMS 0x000000070ae00000, 0x000000070ae00000| Untracked 
|  68|0x000000070b000000, 0x000000070b000000, 0x000000070b200000|  0%| F|  |TAMS 0x000000070b000000, 0x000000070b000000| Untracked 
|  69|0x000000070b200000, 0x000000070b200000, 0x000000070b400000|  0%| F|  |TAMS 0x000000070b200000, 0x000000070b200000| Untracked 
|  70|0x000000070b400000, 0x000000070b400000, 0x000000070b600000|  0%| F|  |TAMS 0x000000070b400000, 0x000000070b400000| Untracked 
|  71|0x000000070b600000, 0x000000070b600000, 0x000000070b800000|  0%| F|  |TAMS 0x000000070b600000, 0x000000070b600000| Untracked 
|  72|0x000000070b800000, 0x000000070b800000, 0x000000070ba00000|  0%| F|  |TAMS 0x000000070b800000, 0x000000070b800000| Untracked 
|  73|0x000000070ba00000, 0x000000070ba00000, 0x000000070bc00000|  0%| F|  |TAMS 0x000000070ba00000, 0x000000070ba00000| Untracked 
|  74|0x000000070bc00000, 0x000000070bc00000, 0x000000070be00000|  0%| F|  |TAMS 0x000000070bc00000, 0x000000070bc00000| Untracked 
|  75|0x000000070be00000, 0x000000070be00000, 0x000000070c000000|  0%| F|  |TAMS 0x000000070be00000, 0x000000070be00000| Untracked 
|  76|0x000000070c000000, 0x000000070c000000, 0x000000070c200000|  0%| F|  |TAMS 0x000000070c000000, 0x000000070c000000| Untracked 
|  77|0x000000070c200000, 0x000000070c200000, 0x000000070c400000|  0%| F|  |TAMS 0x000000070c200000, 0x000000070c200000| Untracked 
|  78|0x000000070c400000, 0x000000070c400000, 0x000000070c600000|  0%| F|  |TAMS 0x000000070c400000, 0x000000070c400000| Untracked 
|  79|0x000000070c600000, 0x000000070c600000, 0x000000070c800000|  0%| F|  |TAMS 0x000000070c600000, 0x000000070c600000| Untracked 
|  80|0x000000070c800000, 0x000000070c800000, 0x000000070ca00000|  0%| F|  |TAMS 0x000000070c800000, 0x000000070c800000| Untracked 
|  81|0x000000070ca00000, 0x000000070ca00000, 0x000000070cc00000|  0%| F|  |TAMS 0x000000070ca00000, 0x000000070ca00000| Untracked 
|  82|0x000000070cc00000, 0x000000070cc00000, 0x000000070ce00000|  0%| F|  |TAMS 0x000000070cc00000, 0x000000070cc00000| Untracked 
|  83|0x000000070ce00000, 0x000000070ce00000, 0x000000070d000000|  0%| F|  |TAMS 0x000000070ce00000, 0x000000070ce00000| Untracked 
|  84|0x000000070d000000, 0x000000070d000000, 0x000000070d200000|  0%| F|  |TAMS 0x000000070d000000, 0x000000070d000000| Untracked 
|  85|0x000000070d200000, 0x000000070d200000, 0x000000070d400000|  0%| F|  |TAMS 0x000000070d200000, 0x000000070d200000| Untracked 
|  86|0x000000070d400000, 0x000000070d400000, 0x000000070d600000|  0%| F|  |TAMS 0x000000070d400000, 0x000000070d400000| Untracked 
|  87|0x000000070d600000, 0x000000070d600000, 0x000000070d800000|  0%| F|  |TAMS 0x000000070d600000, 0x000000070d600000| Untracked 
|  88|0x000000070d800000, 0x000000070d800000, 0x000000070da00000|  0%| F|  |TAMS 0x000000070d800000, 0x000000070d800000| Untracked 
|  89|0x000000070da00000, 0x000000070da00000, 0x000000070dc00000|  0%| F|  |TAMS 0x000000070da00000, 0x000000070da00000| Untracked 
|  90|0x000000070dc00000, 0x000000070dc00000, 0x000000070de00000|  0%| F|  |TAMS 0x000000070dc00000, 0x000000070dc00000| Untracked 
|  91|0x000000070de00000, 0x000000070de00000, 0x000000070e000000|  0%| F|  |TAMS 0x000000070de00000, 0x000000070de00000| Untracked 
|  92|0x000000070e000000, 0x000000070e000000, 0x000000070e200000|  0%| F|  |TAMS 0x000000070e000000, 0x000000070e000000| Untracked 
|  93|0x000000070e200000, 0x000000070e200000, 0x000000070e400000|  0%| F|  |TAMS 0x000000070e200000, 0x000000070e200000| Untracked 
|  94|0x000000070e400000, 0x000000070e400000, 0x000000070e600000|  0%| F|  |TAMS 0x000000070e400000, 0x000000070e400000| Untracked 
|  95|0x000000070e600000, 0x000000070e600000, 0x000000070e800000|  0%| F|  |TAMS 0x000000070e600000, 0x000000070e600000| Untracked 
|  96|0x000000070e800000, 0x000000070e800000, 0x000000070ea00000|  0%| F|  |TAMS 0x000000070e800000, 0x000000070e800000| Untracked 
|  97|0x000000070ea00000, 0x000000070ea00000, 0x000000070ec00000|  0%| F|  |TAMS 0x000000070ea00000, 0x000000070ea00000| Untracked 
|  98|0x000000070ec00000, 0x000000070ec00000, 0x000000070ee00000|  0%| F|  |TAMS 0x000000070ec00000, 0x000000070ec00000| Untracked 
|  99|0x000000070ee00000, 0x000000070ee00000, 0x000000070f000000|  0%| F|  |TAMS 0x000000070ee00000, 0x000000070ee00000| Untracked 
| 100|0x000000070f000000, 0x000000070f000000, 0x000000070f200000|  0%| F|  |TAMS 0x000000070f000000, 0x000000070f000000| Untracked 
| 101|0x000000070f200000, 0x000000070f200000, 0x000000070f400000|  0%| F|  |TAMS 0x000000070f200000, 0x000000070f200000| Untracked 
| 102|0x000000070f400000, 0x000000070f400000, 0x000000070f600000|  0%| F|  |TAMS 0x000000070f400000, 0x000000070f400000| Untracked 
| 103|0x000000070f600000, 0x000000070f600000, 0x000000070f800000|  0%| F|  |TAMS 0x000000070f600000, 0x000000070f600000| Untracked 
| 104|0x000000070f800000, 0x000000070f800000, 0x000000070fa00000|  0%| F|  |TAMS 0x000000070f800000, 0x000000070f800000| Untracked 
| 105|0x000000070fa00000, 0x000000070fc00000, 0x000000070fc00000|100%| E|  |TAMS 0x000000070fa00000, 0x000000070fa00000| Complete 
| 106|0x000000070fc00000, 0x000000070fe00000, 0x000000070fe00000|100%| E|CS|TAMS 0x000000070fc00000, 0x000000070fc00000| Complete 
| 107|0x000000070fe00000, 0x0000000710000000, 0x0000000710000000|100%| E|CS|TAMS 0x000000070fe00000, 0x000000070fe00000| Complete 
| 108|0x0000000710000000, 0x0000000710200000, 0x0000000710200000|100%| E|CS|TAMS 0x0000000710000000, 0x0000000710000000| Complete 
| 109|0x0000000710200000, 0x0000000710400000, 0x0000000710400000|100%| E|CS|TAMS 0x0000000710200000, 0x0000000710200000| Complete 
| 110|0x0000000710400000, 0x0000000710587d00, 0x0000000710600000| 76%| S|CS|TAMS 0x0000000710400000, 0x0000000710400000| Complete 
| 111|0x0000000710600000, 0x0000000710800000, 0x0000000710800000|100%| E|CS|TAMS 0x0000000710600000, 0x0000000710600000| Complete 
| 112|0x0000000710800000, 0x0000000710a00000, 0x0000000710a00000|100%| E|CS|TAMS 0x0000000710800000, 0x0000000710800000| Complete 
| 113|0x0000000710a00000, 0x0000000710c00000, 0x0000000710c00000|100%| E|CS|TAMS 0x0000000710a00000, 0x0000000710a00000| Complete 
| 114|0x0000000710c00000, 0x0000000710e00000, 0x0000000710e00000|100%| E|CS|TAMS 0x0000000710c00000, 0x0000000710c00000| Complete 
| 115|0x0000000710e00000, 0x0000000711000000, 0x0000000711000000|100%| E|CS|TAMS 0x0000000710e00000, 0x0000000710e00000| Complete 
| 116|0x0000000711000000, 0x0000000711200000, 0x0000000711200000|100%| E|CS|TAMS 0x0000000711000000, 0x0000000711000000| Complete 
| 117|0x0000000711200000, 0x0000000711400000, 0x0000000711400000|100%| E|CS|TAMS 0x0000000711200000, 0x0000000711200000| Complete 
| 118|0x0000000711400000, 0x0000000711600000, 0x0000000711600000|100%| E|CS|TAMS 0x0000000711400000, 0x0000000711400000| Complete 
| 119|0x0000000711600000, 0x0000000711800000, 0x0000000711800000|100%| E|CS|TAMS 0x0000000711600000, 0x0000000711600000| Complete 
| 120|0x0000000711800000, 0x0000000711a00000, 0x0000000711a00000|100%| E|CS|TAMS 0x0000000711800000, 0x0000000711800000| Complete 
| 121|0x0000000711a00000, 0x0000000711c00000, 0x0000000711c00000|100%| E|CS|TAMS 0x0000000711a00000, 0x0000000711a00000| Complete 
| 122|0x0000000711c00000, 0x0000000711e00000, 0x0000000711e00000|100%| E|CS|TAMS 0x0000000711c00000, 0x0000000711c00000| Complete 
| 123|0x0000000711e00000, 0x0000000712000000, 0x0000000712000000|100%| E|CS|TAMS 0x0000000711e00000, 0x0000000711e00000| Complete 
| 124|0x0000000712000000, 0x0000000712200000, 0x0000000712200000|100%| E|CS|TAMS 0x0000000712000000, 0x0000000712000000| Complete 
| 125|0x0000000712200000, 0x0000000712400000, 0x0000000712400000|100%| E|CS|TAMS 0x0000000712200000, 0x0000000712200000| Complete 
| 126|0x0000000712400000, 0x0000000712600000, 0x0000000712600000|100%| E|CS|TAMS 0x0000000712400000, 0x0000000712400000| Complete 

Card table byte_map: [0x000002eac7f00000,0x000002eac86f0000] _byte_map_base: 0x000002eac46ec000

Marking Bits (Prev, Next): (CMBitMap*) 0x000002eab0b842f0, (CMBitMap*) 0x000002eab0b84330
 Prev Bits: [0x000002eac8ee0000, 0x000002eacce40000)
 Next Bits: [0x000002eacce40000, 0x000002ead0da0000)

Polling page: 0x000002eab02f0000

Metaspace:

Usage:
  Non-class:     12.73 MB used.
      Class:      1.75 MB used.
       Both:     14.48 MB used.

Virtual space:
  Non-class space:       64.00 MB reserved,      12.81 MB ( 20%) committed,  1 nodes.
      Class space:        1.00 GB reserved,       1.88 MB ( <1%) committed,  1 nodes.
             Both:        1.06 GB reserved,      14.69 MB (  1%) committed. 

Chunk freelists:
   Non-Class:  2.44 MB
       Class:  14.00 MB
        Both:  16.43 MB

MaxMetaspaceSize: unlimited
CompressedClassSpaceSize: 1.00 GB
Initial GC threshold: 21.00 MB
Current GC threshold: 21.00 MB
CDS: on
MetaspaceReclaimPolicy: balanced
 - commit_granule_bytes: 65536.
 - commit_granule_words: 8192.
 - virtual_space_node_default_size: 8388608.
 - enlarge_chunks_in_place: 1.
 - new_chunks_are_fully_committed: 0.
 - uncommit_free_chunks: 1.
 - use_allocation_guard: 0.
 - handle_deallocations: 1.


Internal statistics:

num_allocs_failed_limit: 0.
num_arena_births: 90.
num_arena_deaths: 0.
num_vsnodes_births: 2.
num_vsnodes_deaths: 0.
num_space_committed: 235.
num_space_uncommitted: 0.
num_chunks_returned_to_freelist: 0.
num_chunks_taken_from_freelist: 613.
num_chunk_merges: 0.
num_chunk_splits: 413.
num_chunks_enlarged: 332.
num_inconsistent_stats: 0.

CodeHeap 'non-profiled nmethods': size=120000Kb used=1310Kb max_used=1310Kb free=118689Kb
 bounds [0x000002eabfeb0000, 0x000002eac0120000, 0x000002eac73e0000]
CodeHeap 'profiled nmethods': size=120000Kb used=6287Kb max_used=6287Kb free=113712Kb
 bounds [0x000002eab83e0000, 0x000002eab8a10000, 0x000002eabf910000]
CodeHeap 'non-nmethods': size=5760Kb used=1175Kb max_used=1254Kb free=4584Kb
 bounds [0x000002eabf910000, 0x000002eabfb80000, 0x000002eabfeb0000]
 total_blobs=3511 nmethods=3047 adapters=376
 compilation: enabled
              stopped_count=0, restarted_count=0
 full_count=0

Compilation events (20 events):
Event: 9.041 Thread 0x000002ead3815e10 2991       3       java.util.Optional::ifPresent (18 bytes)
Event: 9.041 Thread 0x000002ead3815e10 nmethod 2991 0x000002eab89ef010 code [0x000002eab89ef1c0, 0x000002eab89ef3e8]
Event: 9.041 Thread 0x000002ead3815e10 2994       3       java.util.regex.Pattern$TreeInfo::reset (21 bytes)
Event: 9.041 Thread 0x000002ead3815e10 nmethod 2994 0x000002eab89ef490 code [0x000002eab89ef620, 0x000002eab89ef738]
Event: 9.041 Thread 0x000002ead3815e10 2992       1       org.eclipse.aether.DefaultRepositorySystemSession::getAuthenticationSelector (5 bytes)
Event: 9.041 Thread 0x000002ead3815e10 nmethod 2992 0x000002eabfff1a10 code [0x000002eabfff1ba0, 0x000002eabfff1c78]
Event: 9.041 Thread 0x000002ead3815e10 2995       1       org.apache.maven.model.RepositoryBase::getName (5 bytes)
Event: 9.041 Thread 0x000002ead3815e10 nmethod 2995 0x000002eabfff1d10 code [0x000002eabfff1ea0, 0x000002eabfff1f78]
Event: 9.041 Thread 0x000002ead3815e10 2993       1       org.eclipse.aether.DefaultRepositorySystemSession::getProxySelector (5 bytes)
Event: 9.042 Thread 0x000002ead3815e10 nmethod 2993 0x000002eabfff2010 code [0x000002eabfff21a0, 0x000002eabfff2278]
Event: 9.042 Thread 0x000002ead3815e10 2996       1       org.apache.maven.model.ModelBase::getReporting (5 bytes)
Event: 9.042 Thread 0x000002ead3815e10 nmethod 2996 0x000002eabfff2310 code [0x000002eabfff24a0, 0x000002eabfff2578]
Event: 9.042 Thread 0x000002ead3815e10 2997       1       org.eclipse.aether.DefaultRepositorySystemSession::getMirrorSelector (5 bytes)
Event: 9.042 Thread 0x000002ead3815e10 nmethod 2997 0x000002eabfff2610 code [0x000002eabfff27a0, 0x000002eabfff2878]
Event: 9.044 Thread 0x000002ead3815e10 2998       3       sun.nio.fs.WindowsPath::getFileSystem (5 bytes)
Event: 9.044 Thread 0x000002ead3815e10 nmethod 2998 0x000002eab89ef810 code [0x000002eab89ef9a0, 0x000002eab89efad8]
Event: 9.046 Thread 0x000002ead3815e10 2999       3       java.util.regex.Pattern$Curly::match (91 bytes)
Event: 9.047 Thread 0x000002ead3815e10 nmethod 2999 0x000002eab89efb90 code [0x000002eab89efd80, 0x000002eab89f0238]
Event: 9.047 Thread 0x000002ead3815e10 3000       1       org.apache.maven.model.Developer::setId (6 bytes)
Event: 9.048 Thread 0x000002ead3815e10 nmethod 3000 0x000002eabfff2910 code [0x000002eabfff2aa0, 0x000002eabfff2bb8]

GC Heap History (4 events):
Event: 2.540 GC heap before
{Heap before GC invocations=0 (full 0):
 garbage-first heap   total 260096K, used 22528K [0x0000000702800000, 0x0000000800000000)
  region size 2048K, 11 young (22528K), 0 survivors (0K)
 Metaspace       used 5420K, committed 5632K, reserved 1114112K
  class space    used 650K, committed 768K, reserved 1048576K
}
Event: 2.688 GC heap after
{Heap after GC invocations=1 (full 0):
 garbage-first heap   total 260096K, used 3631K [0x0000000702800000, 0x0000000800000000)
  region size 2048K, 2 young (4096K), 2 survivors (4096K)
 Metaspace       used 5420K, committed 5632K, reserved 1114112K
  class space    used 650K, committed 768K, reserved 1048576K
}
Event: 4.809 GC heap before
{Heap before GC invocations=1 (full 0):
 garbage-first heap   total 260096K, used 30255K [0x0000000702800000, 0x0000000800000000)
  region size 2048K, 16 young (32768K), 2 survivors (4096K)
 Metaspace       used 9147K, committed 9280K, reserved 1114112K
  class space    used 1102K, committed 1152K, reserved 1048576K
}
Event: 4.817 GC heap after
{Heap after GC invocations=2 (full 0):
 garbage-first heap   total 260096K, used 4997K [0x0000000702800000, 0x0000000800000000)
  region size 2048K, 1 young (2048K), 1 survivors (2048K)
 Metaspace       used 9147K, committed 9280K, reserved 1114112K
  class space    used 1102K, committed 1152K, reserved 1048576K
}

Deoptimization events (20 events):
Event: 8.768 Thread 0x000002eab0b18680 Uncommon trap: trap_request=0xffffff45 fr.pc=0x000002eabfed747c relative=0x000000000000017c
Event: 8.768 Thread 0x000002eab0b18680 Uncommon trap: reason=unstable_if action=reinterpret pc=0x000002eabfed747c method=java.lang.String.indexOf(II)I @ 4 c2
Event: 8.768 Thread 0x000002eab0b18680 DEOPT PACKING pc=0x000002eabfed747c sp=0x000000f09a4fd9b0
Event: 8.768 Thread 0x000002eab0b18680 DEOPT UNPACKING pc=0x000002eabf9623a3 sp=0x000000f09a4fd8e0 mode 2
Event: 8.768 Thread 0x000002eab0b18680 Uncommon trap: trap_request=0xffffff45 fr.pc=0x000002eabfedb804 relative=0x00000000000004e4
Event: 8.768 Thread 0x000002eab0b18680 Uncommon trap: reason=unstable_if action=reinterpret pc=0x000002eabfedb804 method=java.lang.String.substring(II)Ljava/lang/String; @ 31 c2
Event: 8.768 Thread 0x000002eab0b18680 DEOPT PACKING pc=0x000002eabfedb804 sp=0x000000f09a4fd940
Event: 8.768 Thread 0x000002eab0b18680 DEOPT UNPACKING pc=0x000002eabf9623a3 sp=0x000000f09a4fd910 mode 2
Event: 8.769 Thread 0x000002eab0b18680 Uncommon trap: trap_request=0xffffff45 fr.pc=0x000002eabffb8404 relative=0x0000000000000364
Event: 8.769 Thread 0x000002eab0b18680 Uncommon trap: reason=unstable_if action=reinterpret pc=0x000002eabffb8404 method=java.lang.StringUTF16.compress([CII)[B @ 13 c2
Event: 8.769 Thread 0x000002eab0b18680 DEOPT PACKING pc=0x000002eabffb8404 sp=0x000000f09a4fd7c0
Event: 8.769 Thread 0x000002eab0b18680 DEOPT UNPACKING pc=0x000002eabf9623a3 sp=0x000000f09a4fd700 mode 2
Event: 8.786 Thread 0x000002eab0b18680 Uncommon trap: trap_request=0xffffff45 fr.pc=0x000002eabffdc278 relative=0x0000000000000858
Event: 8.786 Thread 0x000002eab0b18680 Uncommon trap: reason=unstable_if action=reinterpret pc=0x000002eabffdc278 method=java.lang.String.indexOf(Ljava/lang/String;)I @ 10 c2
Event: 8.786 Thread 0x000002eab0b18680 DEOPT PACKING pc=0x000002eabffdc278 sp=0x000000f09a4fdc50
Event: 8.786 Thread 0x000002eab0b18680 DEOPT UNPACKING pc=0x000002eabf9623a3 sp=0x000000f09a4fdae8 mode 2
Event: 8.905 Thread 0x000002eab0b18680 Uncommon trap: trap_request=0xffffff45 fr.pc=0x000002eabffe5abc relative=0x00000000000000bc
Event: 8.905 Thread 0x000002eab0b18680 Uncommon trap: reason=unstable_if action=reinterpret pc=0x000002eabffe5abc method=org.apache.maven.model.validation.DefaultModelValidator.isValidIdCharacter(C)Z @ 45 c2
Event: 8.905 Thread 0x000002eab0b18680 DEOPT PACKING pc=0x000002eabffe5abc sp=0x000000f09a4fdc90
Event: 8.905 Thread 0x000002eab0b18680 DEOPT UNPACKING pc=0x000002eabf9623a3 sp=0x000000f09a4fdc18 mode 2

Classes unloaded (0 events):
No events

Classes redefined (0 events):
No events

Internal exceptions (20 events):
Event: 1.507 Thread 0x000002eab0b18680 Exception <a 'java/lang/NoSuchMethodError'{0x00000007119aae80}: 'void java.lang.invoke.DirectMethodHandle$Holder.invokeSpecial(java.lang.Object, java.lang.Object, java.lang.Object)'> (0x00000007119aae80) 
thrown [s\open\src\hotspot\share\interpreter\linkResolver.cpp, line 759]
Event: 1.709 Thread 0x000002eab0b18680 Exception <a 'java/lang/NoSuchMethodError'{0x0000000711703188}: 'java.lang.Object java.lang.invoke.DirectMethodHandle$Holder.invokeInterface(java.lang.Object, java.lang.Object)'> (0x0000000711703188) 
thrown [s\open\src\hotspot\share\interpreter\linkResolver.cpp, line 759]
Event: 1.855 Thread 0x000002eab0b18680 Exception <a 'java/lang/NoSuchMethodError'{0x00000007117aad08}: 'java.lang.Object java.lang.invoke.Invokers$Holder.invokeExact_MT(java.lang.Object, java.lang.Object, java.lang.Object, java.lang.Object, java.lang.Object, java.lang.Object)'> (0x00000007117aad08) 
thrown [s\open\src\hotspot\share\interpreter\linkResolver.cpp, line 759]
Event: 1.876 Thread 0x000002eab0b18680 Exception <a 'java/lang/NoSuchMethodError'{0x00000007117bc188}: 'int java.lang.invoke.DirectMethodHandle$Holder.invokeSpecialIFC(java.lang.Object, java.lang.Object, java.lang.Object, java.lang.Object, java.lang.Object)'> (0x00000007117bc188) 
thrown [s\open\src\hotspot\share\interpreter\linkResolver.cpp, line 759]
Event: 2.076 Thread 0x000002eab0b18680 Exception <a 'java/lang/NoSuchMethodError'{0x0000000711558138}: 'java.lang.Object java.lang.invoke.DirectMethodHandle$Holder.newInvokeSpecial(java.lang.Object, java.lang.Object, java.lang.Object, java.lang.Object, java.lang.Object)'> (0x0000000711558138) 
thrown [s\open\src\hotspot\share\interpreter\linkResolver.cpp, line 759]
Event: 2.261 Thread 0x000002eab0b18680 Exception <a 'java/lang/NoSuchMethodError'{0x000000071125a718}: 'int java.lang.invoke.DirectMethodHandle$Holder.invokeStaticInit(java.lang.Object, java.lang.Object)'> (0x000000071125a718) 
thrown [s\open\src\hotspot\share\interpreter\linkResolver.cpp, line 759]
Event: 2.303 Thread 0x000002eab0b18680 Exception <a 'java/lang/NoClassDefFoundError'{0x0000000711292368}: javax/enterprise/inject/Typed> (0x0000000711292368) 
thrown [s\open\src\hotspot\share\classfile\systemDictionary.cpp, line 245]
Event: 5.307 Thread 0x000002eab0b18680 Exception <a 'java/lang/NoSuchMethodError'{0x0000000711e8cb70}: 'void java.lang.invoke.DirectMethodHandle$Holder.invokeStaticInit(java.lang.Object, java.lang.Object, java.lang.Object)'> (0x0000000711e8cb70) 
thrown [s\open\src\hotspot\share\interpreter\linkResolver.cpp, line 759]
Event: 5.329 Thread 0x000002eab0b18680 Exception <a 'java/lang/ExceptionInInitializerError'{0x0000000711eb7a28}> (0x0000000711eb7a28) 
thrown [s\open\src\hotspot\share\oops\instanceKlass.cpp, line 1216]
Event: 5.558 Thread 0x000002eab0b18680 Implicit null exception at 0x000002eabff2c5af to 0x000002eabff2c714
Event: 5.563 Thread 0x000002eab0b18680 Exception <a 'java/lang/NoSuchMethodError'{0x0000000711fc5bb0}: 'java.lang.Object java.lang.invoke.Invokers$Holder.invokeExact_MT(java.lang.Object, int, java.lang.Object)'> (0x0000000711fc5bb0) 
thrown [s\open\src\hotspot\share\interpreter\linkResolver.cpp, line 759]
Event: 5.692 Thread 0x000002eab0b18680 Exception <a 'java/lang/NoSuchMethodError'{0x0000000711c39390}: 'int java.lang.invoke.DirectMethodHandle$Holder.invokeSpecial(java.lang.Object, java.lang.Object, java.lang.Object, java.lang.Object)'> (0x0000000711c39390) 
thrown [s\open\src\hotspot\share\interpreter\linkResolver.cpp, line 759]
Event: 6.846 Thread 0x000002eab0b18680 Exception <a 'java/lang/NoClassDefFoundError'{0x0000000711448e60}: com/google/inject/servlet/ServletModuleTargetVisitor> (0x0000000711448e60) 
thrown [s\open\src\hotspot\share\classfile\systemDictionary.cpp, line 245]
Event: 7.079 Thread 0x000002eab0b18680 Exception <a 'java/lang/NoSuchMethodError'{0x00000007115da4f8}: 'void java.lang.invoke.DirectMethodHandle$Holder.invokeVirtual(java.lang.Object, java.lang.Object)'> (0x00000007115da4f8) 
thrown [s\open\src\hotspot\share\interpreter\linkResolver.cpp, line 759]
Event: 7.139 Thread 0x000002eab0b18680 Exception <a 'java/lang/NoSuchMethodError'{0x0000000711252fc0}: 'java.lang.Object java.lang.invoke.DirectMethodHandle$Holder.invokeStaticInit(java.lang.Object, int, int, int, int)'> (0x0000000711252fc0) 
thrown [s\open\src\hotspot\share\interpreter\linkResolver.cpp, line 759]
Event: 7.529 Thread 0x000002eab0b18680 Implicit null exception at 0x000002eabfed13f2 to 0x000002eabfed1a4c
Event: 7.529 Thread 0x000002eab0b18680 Implicit null exception at 0x000002eabfee09f2 to 0x000002eabfee106c
Event: 7.663 Thread 0x000002eab0b18680 Exception <a 'java/lang/NoSuchMethodError'{0x0000000710f4e858}: 'void java.lang.invoke.DirectMethodHandle$Holder.invokeSpecial(java.lang.Object, java.lang.Object, java.lang.Object, java.lang.Object, java.lang.Object)'> (0x0000000710f4e858) 
thrown [s\open\src\hotspot\share\interpreter\linkResolver.cpp, line 759]
Event: 7.672 Thread 0x000002eab0b18680 Exception <a 'java/lang/NoSuchMethodError'{0x0000000710f6bee0}: 'void java.lang.invoke.DirectMethodHandle$Holder.invokeSpecial(java.lang.Object, java.lang.Object, java.lang.Object, java.lang.Object, java.lang.Object, java.lang.Object)'> (0x0000000710f6bee0) 
thrown [s\open\src\hotspot\share\interpreter\linkResolver.cpp, line 759]
Event: 7.711 Thread 0x000002eab0b18680 Exception <a 'java/lang/NoSuchMethodError'{0x0000000710c63b30}: 'java.lang.Object java.lang.invoke.DirectMethodHandle$Holder.invokeVirtual(java.lang.Object, java.lang.Object, java.lang.Object)'> (0x0000000710c63b30) 
thrown [s\open\src\hotspot\share\interpreter\linkResolver.cpp, line 759]

VM Operations (20 events):
Event: 5.840 Executing VM operation: Cleanup
Event: 5.840 Executing VM operation: Cleanup done
Event: 5.853 Executing VM operation: HandshakeAllThreads
Event: 5.853 Executing VM operation: HandshakeAllThreads done
Event: 6.200 Executing VM operation: HandshakeAllThreads
Event: 6.200 Executing VM operation: HandshakeAllThreads done
Event: 6.781 Executing VM operation: HandshakeAllThreads
Event: 6.781 Executing VM operation: HandshakeAllThreads done
Event: 7.102 Executing VM operation: HandshakeAllThreads
Event: 7.102 Executing VM operation: HandshakeAllThreads done
Event: 7.102 Executing VM operation: Cleanup
Event: 7.102 Executing VM operation: Cleanup done
Event: 7.165 Executing VM operation: HandshakeAllThreads
Event: 7.165 Executing VM operation: HandshakeAllThreads done
Event: 7.404 Executing VM operation: HandshakeAllThreads
Event: 7.404 Executing VM operation: HandshakeAllThreads done
Event: 7.406 Executing VM operation: HandshakeAllThreads
Event: 7.406 Executing VM operation: HandshakeAllThreads done
Event: 8.408 Executing VM operation: Cleanup
Event: 8.409 Executing VM operation: Cleanup done

Events (20 events):
Event: 7.645 loading class java/nio/channels/spi/AbstractInterruptibleChannel$1 done
Event: 7.646 loading class java/util/AbstractMap$2
Event: 7.646 loading class java/util/AbstractMap$2 done
Event: 7.647 loading class java/util/AbstractMap$2$1
Event: 7.647 loading class java/util/AbstractMap$2$1 done
Event: 7.670 loading class java/lang/invoke/MethodHandle$1
Event: 7.670 loading class java/lang/invoke/MethodHandle$1 done
Event: 7.777 loading class sun/util/resources/LocaleData$CommonResourceBundleProvider
Event: 7.777 loading class sun/util/resources/LocaleData$LocaleDataResourceBundleProvider
Event: 7.777 loading class java/util/spi/ResourceBundleProvider
Event: 7.777 loading class java/util/spi/ResourceBundleProvider done
Event: 7.777 loading class sun/util/resources/LocaleData$LocaleDataResourceBundleProvider done
Event: 7.777 loading class sun/util/resources/LocaleData$CommonResourceBundleProvider done
Event: 7.777 loading class sun/util/resources/Bundles$2
Event: 7.777 loading class sun/util/resources/Bundles$2 done
Event: 7.834 Thread 0x000002eb19dedcd0 Thread added: 0x000002eb19dedcd0
Event: 8.161 loading class java/util/stream/Streams$RangeIntSpliterator
Event: 8.162 loading class java/util/stream/Streams$RangeIntSpliterator done
Event: 8.752 Thread 0x000002eb19dedcd0 Thread exited: 0x000002eb19dedcd0
Event: 8.752 Thread 0x000002eb19a4b110 Thread exited: 0x000002eb19a4b110


Dynamic libraries:
0x00007ff7f3820000 - 0x00007ff7f3830000 	C:\Program Files\Java\jdk-17\bin\java.exe
0x00007ffe52710000 - 0x00007ffe52908000 	C:\WINDOWS\SYSTEM32\ntdll.dll
0x00007ffe50720000 - 0x00007ffe507e2000 	C:\WINDOWS\System32\KERNEL32.DLL
0x00007ffe4ffc0000 - 0x00007ffe502bf000 	C:\WINDOWS\System32\KERNELBASE.dll
0x00007ffe50620000 - 0x00007ffe50720000 	C:\WINDOWS\System32\ucrtbase.dll
0x00007ffe33530000 - 0x00007ffe33549000 	C:\Program Files\Java\jdk-17\bin\jli.dll
0x00007ffe30d10000 - 0x00007ffe30d2b000 	C:\Program Files\Java\jdk-17\bin\VCRUNTIME140.dll
0x00007ffe517b0000 - 0x00007ffe51861000 	C:\WINDOWS\System32\ADVAPI32.dll
0x00007ffe50d60000 - 0x00007ffe50dfe000 	C:\WINDOWS\System32\msvcrt.dll
0x00007ffe50c60000 - 0x00007ffe50cff000 	C:\WINDOWS\System32\sechost.dll
0x00007ffe50ff0000 - 0x00007ffe51113000 	C:\WINDOWS\System32\RPCRT4.dll
0x00007ffe4ff90000 - 0x00007ffe4ffb7000 	C:\WINDOWS\System32\bcrypt.dll
0x00007ffe51510000 - 0x00007ffe516ad000 	C:\WINDOWS\System32\USER32.dll
0x00007ffe4ff60000 - 0x00007ffe4ff82000 	C:\WINDOWS\System32\win32u.dll
0x00007ffe51480000 - 0x00007ffe514ab000 	C:\WINDOWS\System32\GDI32.dll
0x00007ffe37930000 - 0x00007ffe37bca000 	C:\WINDOWS\WinSxS\amd64_microsoft.windows.common-controls_6595b64144ccf1df_6.0.19041.4355_none_60b8b9eb71f62e16\COMCTL32.dll
0x00007ffe4fda0000 - 0x00007ffe4feb7000 	C:\WINDOWS\System32\gdi32full.dll
0x00007ffe4fec0000 - 0x00007ffe4ff5d000 	C:\WINDOWS\System32\msvcp_win.dll
0x00007ffe48880000 - 0x00007ffe4888a000 	C:\WINDOWS\SYSTEM32\VERSION.dll
0x00007ffe525f0000 - 0x00007ffe5261f000 	C:\WINDOWS\System32\IMM32.DLL
0x00007ffe4a5d0000 - 0x00007ffe4a5dc000 	C:\Program Files\Java\jdk-17\bin\vcruntime140_1.dll
0x00007ffe30af0000 - 0x00007ffe30b7e000 	C:\Program Files\Java\jdk-17\bin\msvcp140.dll
0x00007ffda01c0000 - 0x00007ffda0da0000 	C:\Program Files\Java\jdk-17\bin\server\jvm.dll
0x00007ffe516b0000 - 0x00007ffe516b8000 	C:\WINDOWS\System32\PSAPI.DLL
0x00007ffe3a3e0000 - 0x00007ffe3a407000 	C:\WINDOWS\SYSTEM32\WINMM.dll
0x00007ffe38a60000 - 0x00007ffe38a69000 	C:\WINDOWS\SYSTEM32\WSOCK32.dll
0x00007ffe512e0000 - 0x00007ffe5134b000 	C:\WINDOWS\System32\WS2_32.dll
0x00007ffe4e540000 - 0x00007ffe4e552000 	C:\WINDOWS\SYSTEM32\kernel.appcore.dll
0x00007ffe4a590000 - 0x00007ffe4a59a000 	C:\Program Files\Java\jdk-17\bin\jimage.dll
0x00007ffe4e250000 - 0x00007ffe4e434000 	C:\WINDOWS\SYSTEM32\DBGHELP.DLL
0x00007ffe38ae0000 - 0x00007ffe38b14000 	C:\WINDOWS\SYSTEM32\dbgcore.DLL
0x00007ffe50420000 - 0x00007ffe504a2000 	C:\WINDOWS\System32\bcryptPrimitives.dll
0x00007ffe30c30000 - 0x00007ffe30c55000 	C:\Program Files\Java\jdk-17\bin\java.dll
0x00007ffe19390000 - 0x00007ffe19467000 	C:\Program Files\Java\jdk-17\bin\jsvml.dll
0x00007ffe51900000 - 0x00007ffe5206e000 	C:\WINDOWS\System32\SHELL32.dll
0x00007ffe4d9d0000 - 0x00007ffe4e174000 	C:\WINDOWS\SYSTEM32\windows.storage.dll
0x00007ffe50900000 - 0x00007ffe50c55000 	C:\WINDOWS\System32\combase.dll
0x00007ffe4f7d0000 - 0x00007ffe4f7ff000 	C:\WINDOWS\SYSTEM32\Wldp.dll
0x00007ffe50f20000 - 0x00007ffe50fed000 	C:\WINDOWS\System32\OLEAUT32.dll
0x00007ffe507f0000 - 0x00007ffe5089d000 	C:\WINDOWS\System32\SHCORE.dll
0x00007ffe51750000 - 0x00007ffe517a5000 	C:\WINDOWS\System32\shlwapi.dll
0x00007ffe4fcd0000 - 0x00007ffe4fcf4000 	C:\WINDOWS\SYSTEM32\profapi.dll
0x00007ffe30c10000 - 0x00007ffe30c29000 	C:\Program Files\Java\jdk-17\bin\net.dll
0x00007ffe45ba0000 - 0x00007ffe45cad000 	C:\WINDOWS\SYSTEM32\WINHTTP.dll
0x00007ffe4f530000 - 0x00007ffe4f59a000 	C:\WINDOWS\system32\mswsock.dll
0x00007ffe30ad0000 - 0x00007ffe30ae6000 	C:\Program Files\Java\jdk-17\bin\nio.dll
0x00007ffe2f100000 - 0x00007ffe2f118000 	C:\Program Files\Java\jdk-17\bin\zip.dll
0x00007ffe2f0d0000 - 0x00007ffe2f0f4000 	C:\Program Files\Apache\Maven\lib\jansi-native\Windows\x86_64\jansi.dll
0x00007ffe4a510000 - 0x00007ffe4a520000 	C:\Program Files\Java\jdk-17\bin\verify.dll

dbghelp: loaded successfully - version: 4.0.5 - missing functions: none
symbol engine: initialized successfully - sym options: 0x614 - pdb path: .;C:\Program Files\Java\jdk-17\bin;C:\WINDOWS\SYSTEM32;C:\WINDOWS\WinSxS\amd64_microsoft.windows.common-controls_6595b64144ccf1df_6.0.19041.4355_none_60b8b9eb71f62e16;C:\Program Files\Java\jdk-17\bin\server;C:\Program Files\Apache\Maven\lib\jansi-native\Windows\x86_64

VM Arguments:
jvm_args: -Dclassworlds.conf=C:\Program Files\Apache\Maven\bin\m2.conf -Dmaven.home=C:\Program Files\Apache\Maven -Dlibrary.jansi.path=C:\Program Files\Apache\Maven\lib\jansi-native -Dmaven.multiModuleProjectDirectory=c:\Users\Aditi\Desktop\backend\recipe-vault 
java_command: org.codehaus.plexus.classworlds.launcher.Launcher -q help:effective-pom -Doutput=c:\Users\Aditi\Desktop\backend\recipe-vault\effective-pom.xml -f c:/Users/Aditi/Desktop/backend/recipe-vault/pom.xml
java_class_path (initial): C:\Program Files\Apache\Maven\boot\plexus-classworlds-2.8.0.jar
Launcher Type: SUN_STANDARD

[Global flags]
     intx CICompilerCount                          = 4                                         {product} {ergonomic}
     uint ConcGCThreads                            = 2                                         {product} {ergonomic}
     uint G1ConcRefinementThreads                  = 8                                         {product} {ergonomic}
   size_t G1HeapRegionSize                         = 2097152                                   {product} {ergonomic}
    uintx GCDrainStackTargetSize                   = 64                                        {product} {ergonomic}
   size_t InitialHeapSize                          = 266338304                                 {product} {ergonomic}
   size_t MarkStackSize                            = 4194304                                   {product} {ergonomic}
   size_t MaxHeapSize                              = 4253024256                                {product} {ergonomic}
   size_t MaxNewSize                               = 2550136832                                {product} {ergonomic}
   size_t MinHeapDeltaBytes                        = 2097152                                   {product} {ergonomic}
   size_t MinHeapSize                              = 8388608                                   {product} {ergonomic}
    uintx NonNMethodCodeHeapSize                   = 5839372                                {pd product} {ergonomic}
    uintx NonProfiledCodeHeapSize                  = 122909434                              {pd product} {ergonomic}
    uintx ProfiledCodeHeapSize                     = 122909434                              {pd product} {ergonomic}
    uintx ReservedCodeCacheSize                    = 251658240                              {pd product} {ergonomic}
     bool SegmentedCodeCache                       = true                                      {product} {ergonomic}
   size_t SoftMaxHeapSize                          = 4253024256                             {manageable} {ergonomic}
     bool UseCompressedClassPointers               = true                           {product lp64_product} {ergonomic}
     bool UseCompressedOops                        = true                           {product lp64_product} {ergonomic}
     bool UseG1GC                                  = true                                      {product} {ergonomic}
     bool UseLargePagesIndividualAllocation        = false                                  {pd product} {ergonomic}

Logging:
Log output configuration:
 #0: stdout all=warning uptime,level,tags
 #1: stderr all=off uptime,level,tags

Environment Variables:
JAVA_HOME=C:\Program Files\Java\jdk-17
PATH=C:\Python313\Scripts\;C:\Python313\;C:\Program Files (x86)\Microsoft SDKs\Azure\CLI2\wbin;C:\Program Files\Common Files\Oracle\Java\javapath;C:\Windows\system32;C:\Windows;C:\Windows\System32\Wbem;C:\Windows\System32\WindowsPowerShell\v1.0\;C:\Windows\System32\OpenSSH\;C:\Program Files\Intel\WiFi\bin\;C:\Program Files\Common Files\Intel\WirelessCommon\;C:\Program Files (x86)\NVIDIA Corporation\PhysX\Common;C:\Program Files (x86)\Intel\Intel(R) Management Engine Components\DAL;C:\Program Files\Intel\Intel(R) Management Engine Components\DAL;C:\Program Files (x86)\Bitvise SSH Client;C:\Program Files\Git\cmd;C:\WINDOWS\system32;C:\WINDOWS;C:\WINDOWS\System32\Wbem;C:\WINDOWS\System32\WindowsPowerShell\v1.0\;C:\WINDOWS\System32\OpenSSH\;C:\Program Files\PostgreSQL\13\bin\;C:\Program Files\dotnet\;C:\Program Files\PuTTY\;C:\Users\Aditi\Downloads\terraform_1.4.6_windows_386;C:\Program Files\Amazon\AWSCLIV2\;C:\Program Files\Java\jdk-17\bin;C:\Program Files\Apache\Maven\bin;C:\Program Files\MySQL\MySQL Server 8.0;C:\Program Files\nodejs\;C:\ProgramData\chocolatey\bin;C:\Program Files\MySQL\MySQL Shell 8.0\bin\;C:\Users\Aditi\AppData\Local\Microsoft\WindowsApps;C:\src\flutter\bin;C:\Program Files\heroku\bin;C:\Users\Aditi\AppData\Local\GitHubDesktop\bin;C:\Users\Aditi\AppData\Roaming\npm;C:\Users\Aditi\AppData\Local\Programs\Microsoft VS Code\bin
USERNAME=Aditi
OS=Windows_NT
PROCESSOR_IDENTIFIER=Intel64 Family 6 Model 142 Stepping 10, GenuineIntel



---------------  S Y S T E M  ---------------

OS:
 Windows 10 , 64 bit Build 19041 (10.0.19041.5198)
OS uptime: 2 days 20:03 hours
Hyper-V role detected

CPU: total 8 (initial active 8) (4 cores per cpu, 2 threads per core) family 6 model 142 stepping 10 microcode 0xe0, cx8, cmov, fxsr, ht, mmx, 3dnowpref, sse, sse2, sse3, ssse3, sse4.1, sse4.2, popcnt, lzcnt, tsc, tscinvbit, avx, avx2, aes, erms, clmul, bmi1, bmi2, adx, fma, vzeroupper, clflush, clflushopt, hv

Memory: 4k page, system-wide physical 16217M (1917M free)
TotalPageFile size 20481M (AvailPageFile size 304M)
current process WorkingSet (physical memory assigned to process): 130M, peak: 130M
current process commit charge ("private bytes"): 385M, peak: 389M

vm_info: Java HotSpot(TM) 64-Bit Server VM (17.0.12+8-LTS-286) for windows-amd64 JRE (17.0.12+8-LTS-286), built on Jun  5 2024 06:46:59 by "mach5one" with MS VC++ 17.6 (VS2022)

END.
